<?xml version="1.0" encoding="UTF-8"?>
<testng-results ignored="0" total="1" passed="1" failed="0" skipped="0">
  <reporter-output>
  </reporter-output>
  <suite started-at="2024-12-04T21:53:42 IST" name="Suite" finished-at="2024-12-04T21:54:44 IST" duration-ms="61845">
    <groups>
    </groups>
    <test started-at="2024-12-04T21:53:42 IST" name="Test" finished-at="2024-12-04T21:54:44 IST" duration-ms="61845">
      <class name="Test.GlobalAssure.Demo">
        <test-method signature="TestDemo(java.lang.String,java.lang.String,java.lang.String,java.lang.String,java.lang.String,java.lang.String,java.lang.String,java.lang.String,java.lang.String,java.lang.String,java.lang.String,java.lang.String,java.lang.String)[pri:0, instance:Test.GlobalAssure.Demo@66982506]" started-at="2024-12-04T21:53:42 IST" name="TestDemo" data-provider="DriveData" finished-at="2024-12-04T21:54:44 IST" duration-ms="61244" status="PASS">
          <params>
            <param index="0">
              <value>
                <![CDATA[GlobalAssure]]>
              </value>
            </param>
            <param index="1">
              <value>
                <![CDATA[Demo1234]]>
              </value>
            </param>
            <param index="2">
              <value>
                <![CDATA[Unverified]]>
              </value>
            </param>
            <param index="3">
              <value>
                <![CDATA[Private Car]]>
              </value>
            </param>
            <param index="4">
              <value>
                <![CDATA[MARUTI SUZUKI]]>
              </value>
            </param>
            <param index="5">
              <value>
                <![CDATA[ALTO -]]>
              </value>
            </param>
            <param index="6">
              <value>
                <![CDATA[Demo Test]]>
              </value>
            </param>
            <param index="7">
              <value>
                <![CDATA[9264957853]]>
              </value>
            </param>
            <param index="8">
              <value>
                <![CDATA[DELHI]]>
              </value>
            </param>
            <param index="9">
              <value>
                <![CDATA[EAST DELHI]]>
              </value>
            </param>
            <param index="10">
              <value>
                <![CDATA[NEWDL]]>
              </value>
            </param>
            <param index="11">
              <value>
                <![CDATA[9/24/24]]>
              </value>
            </param>
            <param index="12">
              <value>
                <![CDATA[10/20/25]]>
              </value>
            </param>
          </params>
          <reporter-output>
          </reporter-output>
        </test-method> <!-- TestDemo -->
      </class> <!-- Test.GlobalAssure.Demo -->
    </test> <!-- Test -->
  </suite> <!-- Suite -->
</testng-results>
